Build started 3/1/2016 11:46:13 PM.
     1>Project "C:\Users\HP\Documents\Visual Studio 2010\Projects\lect 1 oop\Project Snake\Project Snake\Project Snake.vcxproj" on node 2 (build target(s)).
     1>InitializeBuildStatus:
         Touching "Debug\Project Snake.unsuccessfulbuild".
       ClCompile:
         C:\Program Files (x86)\Microsoft Visual Studio 10.0\VC\bin\CL.exe /c /ZI /nologo /W3 /WX- /Od /Oy- /D WIN32 /D _DEBUG /D _CONSOLE /D _UNICODE /D UNICODE /Gm /EHsc /RTC1 /MDd /GS /fp:precise /Zc:wchar_t /Zc:forScope /Fo"Debug\\" /Fd"Debug\vc100.pdb" /Gd /TP /analyze- /errorReport:prompt Snake.cpp
         Snake.cpp
     1>c:\users\hp\documents\visual studio 2010\projects\lect 1 oop\project snake\project snake\snake.cpp(148): fatal error C1075: end of file found before the left brace '{' at 'c:\users\hp\documents\visual studio 2010\projects\lect 1 oop\project snake\project snake\snake.cpp(72)' was matched
     1>Done Building Project "C:\Users\HP\Documents\Visual Studio 2010\Projects\lect 1 oop\Project Snake\Project Snake\Project Snake.vcxproj" (build target(s)) -- FAILED.

Build FAILED.

Time Elapsed 00:00:00.76
