Build started 10/7/2016 12:55:02 AM.
     1>Project "C:\Users\Farjad\documents\visual studio 2010\Projects\ga1\ga1\ga1.vcxproj" on node 2 (build target(s)).
     1>InitializeBuildStatus:
         Creating "Debug\ga1.unsuccessfulbuild" because "AlwaysCreate" was specified.
       ClCompile:
         C:\Program Files (x86)\Microsoft Visual Studio 10.0\VC\bin\CL.exe /c /ZI /nologo /W3 /WX- /Od /Oy- /D WIN32 /D _DEBUG /D _CONSOLE /D _UNICODE /D UNICODE /Gm /EHsc /RTC1 /MDd /GS /fp:precise /Zc:wchar_t /Zc:forScope /Fo"Debug\\" /Fd"Debug\vc100.pdb" /Gd /TP /analyze- /errorReport:prompt main.cpp
         main.cpp
     1>c:\users\farjad\documents\visual studio 2010\projects\ga1\ga1\main.cpp(6): error C2065: 'population' : undeclared identifier
     1>c:\users\farjad\documents\visual studio 2010\projects\ga1\ga1\main.cpp(6): error C2065: 'population' : undeclared identifier
     1>c:\users\farjad\documents\visual studio 2010\projects\ga1\ga1\main.cpp(6): error C2065: 'chromelength' : undeclared identifier
     1>c:\users\farjad\documents\visual studio 2010\projects\ga1\ga1\main.cpp(7): error C2065: 'population' : undeclared identifier
     1>c:\users\farjad\documents\visual studio 2010\projects\ga1\ga1\main.cpp(7): error C2065: 'chromelength' : undeclared identifier
     1>c:\users\farjad\documents\visual studio 2010\projects\ga1\ga1\main.cpp(8): error C2601: 'roulette_wheel' : local function definitions are illegal
                 c:\users\farjad\documents\visual studio 2010\projects\ga1\ga1\main.cpp(5): this line contains a '{' which has not yet been matched
     1>c:\users\farjad\documents\visual studio 2010\projects\ga1\ga1\main.cpp(64): error C2065: 'population' : undeclared identifier
     1>c:\users\farjad\documents\visual studio 2010\projects\ga1\ga1\main.cpp(64): error C2065: 'chromelength' : undeclared identifier
     1>c:\users\farjad\documents\visual studio 2010\projects\ga1\ga1\main.cpp(65): error C2065: 'population' : undeclared identifier
     1>c:\users\farjad\documents\visual studio 2010\projects\ga1\ga1\main.cpp(65): error C2065: 'chromelength' : undeclared identifier
     1>c:\users\farjad\documents\visual studio 2010\projects\ga1\ga1\main.cpp(67): error C2065: 'population' : undeclared identifier
     1>c:\users\farjad\documents\visual studio 2010\projects\ga1\ga1\main.cpp(67): error C2065: 'chromelength' : undeclared identifier
     1>c:\users\farjad\documents\visual studio 2010\projects\ga1\ga1\main.cpp(69): error C2065: 'i' : undeclared identifier
     1>c:\users\farjad\documents\visual studio 2010\projects\ga1\ga1\main.cpp(69): error C2065: 'k' : undeclared identifier
     1>c:\users\farjad\documents\visual studio 2010\projects\ga1\ga1\main.cpp(16): error C2065: 'population' : undeclared identifier
     1>c:\users\farjad\documents\visual studio 2010\projects\ga1\ga1\main.cpp(18): error C2065: 'population' : undeclared identifier
     1>c:\users\farjad\documents\visual studio 2010\projects\ga1\ga1\main.cpp(29): error C2065: 'population' : undeclared identifier
     1>c:\users\farjad\documents\visual studio 2010\projects\ga1\ga1\main.cpp(32): error C3861: 'My_rand_no': identifier not found
     1>c:\users\farjad\documents\visual studio 2010\projects\ga1\ga1\main.cpp(34): error C2065: 'population' : undeclared identifier
     1>c:\users\farjad\documents\visual studio 2010\projects\ga1\ga1\main.cpp(39): error C2065: 'chromelength' : undeclared identifier
     1>c:\users\farjad\documents\visual studio 2010\projects\ga1\ga1\main.cpp(44): error C2065: 'population' : undeclared identifier
     1>Done Building Project "C:\Users\Farjad\documents\visual studio 2010\Projects\ga1\ga1\ga1.vcxproj" (build target(s)) -- FAILED.

Build FAILED.

Time Elapsed 00:00:00.40
