Build started 2/29/2016 4:25:56 PM.
     1>Project "C:\Users\HP\Documents\Visual Studio 2010\Projects\lect 1 oop\test1\test1\test1.vcxproj" on node 2 (ClCompile target(s)).
     1>ClCompile:
         C:\Program Files (x86)\Microsoft Visual Studio 10.0\VC\bin\CL.exe /c /ZI /nologo /W3 /WX- /Od /Oy- /D WIN32 /D _DEBUG /D _CONSOLE /D _UNICODE /D UNICODE /Gm /EHsc /RTC1 /MDd /GS /fp:precise /Zc:wchar_t /Zc:forScope /Fo"Debug\\" /Fd"Debug\vc100.pdb" /Gd /TP /analyze- /errorReport:prompt test1.cpp
         test1.cpp
     1>c:\users\hp\documents\visual studio 2010\projects\lect 1 oop\test1\test1\test1.cpp(12): error C2059: syntax error : ']'
     1>Done Building Project "C:\Users\HP\Documents\Visual Studio 2010\Projects\lect 1 oop\test1\test1\test1.vcxproj" (ClCompile target(s)) -- FAILED.

Build FAILED.

Time Elapsed 00:00:00.54
